<?xml version="1.0" encoding="UTF-8"?>
<!-- Generated by org.testng.reporters.JUnitReportReporter -->
<testsuite hostname="DESKTOP-91P1GS3" name="selenium.web.automation.LoginPageTest" tests="1" failures="0" timestamp="29 Apr 2019 00:55:51 GMT" time="6.430" errors="0">
  <testcase name="PageAutomation" time="6.430" classname="selenium.web.automation.LoginPageTest"/>
</testsuite> <!-- selenium.web.automation.LoginPageTest -->
